<?xml version="1.0" encoding="UTF-8"?>
<!-- Generated by org.testng.reporters.JUnitReportReporter -->
<testsuite hostname="NITISH" failures="0" tests="1" name="com.RESTAssured.RESTAssured.TC_04Put" time="4.848" errors="0" timestamp="2022-09-14T18:04:56 IST" skipped="0">
  <testcase classname="com.RESTAssured.RESTAssured.TC_04Put" name="Test_1" time="4.848"/>
  <system-out/>
</testsuite> <!-- com.RESTAssured.RESTAssured.TC_04Put -->
