<?xml version="1.0" encoding="UTF-8"?>
<!-- Generated by org.testng.reporters.JUnitReportReporter -->
<testsuite hostname="NITISH" failures="0" tests="1" name="com.RESTAssured.RESTAssured.TC_06Delete" time="4.323" errors="0" timestamp="2022-10-15T22:52:06 IST" skipped="0">
  <testcase classname="com.RESTAssured.RESTAssured.TC_06Delete" name="Test_01" time="4.323"/>
  <system-out/>
</testsuite> <!-- com.RESTAssured.RESTAssured.TC_06Delete -->
