<?xml version="1.0" encoding="UTF-8"?>
<!-- Generated by org.testng.reporters.JUnitReportReporter -->
<testsuite hostname="NITISH" failures="0" tests="1" name="com.RESTAssured.RESTAssured.TC_03Post" time="5.884" errors="0" timestamp="2022-09-14T18:10:08 IST" skipped="0">
  <testcase classname="com.RESTAssured.RESTAssured.TC_03Post" name="Test_1Post" time="5.884"/>
  <system-out/>
</testsuite> <!-- com.RESTAssured.RESTAssured.TC_03Post -->
