<?xml version="1.0" encoding="UTF-8"?>
<!-- Generated by org.testng.reporters.JUnitReportReporter -->
<testsuite hostname="NITISH" failures="0" tests="1" name="com.RESTAssured.RESTAssured.TC_02Get" time="5.424" errors="0" timestamp="2022-09-14T16:52:42 IST" skipped="0">
  <testcase classname="com.RESTAssured.RESTAssured.TC_02Get" name="Test_1" time="5.424"/>
  <system-out/>
</testsuite> <!-- com.RESTAssured.RESTAssured.TC_02Get -->
