<?xml version="1.0" encoding="UTF-8"?>
<!-- Generated by org.testng.reporters.JUnitReportReporter -->
<testsuite hostname="NITISH" failures="0" tests="1" name="com.RESTAssured.RESTAssured.Test_03Post" time="5.458" errors="0" timestamp="2022-09-14T17:29:00 IST" skipped="0">
  <testcase classname="com.RESTAssured.RESTAssured.Test_03Post" name="Test_1Post" time="5.458"/>
  <system-out/>
</testsuite> <!-- com.RESTAssured.RESTAssured.Test_03Post -->
