<?xml version="1.0" encoding="UTF-8"?>
<!-- Generated by org.testng.reporters.JUnitReportReporter -->
<testsuite hostname="NITISH" failures="0" tests="1" name="com.RESTAssured.RESTAssured.Pratice" time="4.145" errors="0" timestamp="2022-10-15T22:52:32 IST" skipped="0">
  <testcase classname="com.RESTAssured.RESTAssured.Pratice" name="Test_01" time="4.145"/>
  <system-out/>
</testsuite> <!-- com.RESTAssured.RESTAssured.Pratice -->
