<?xml version="1.0" encoding="UTF-8"?>
<!-- Generated by org.testng.reporters.JUnitReportReporter -->
<testsuite hostname="NITISH" failures="0" tests="1" name="com.RESTAssured.RESTAssured.TC_05Patch" time="6.609" errors="0" timestamp="2022-09-14T18:15:32 IST" skipped="0">
  <testcase classname="com.RESTAssured.RESTAssured.TC_05Patch" name="Test_01" time="6.609"/>
  <system-out/>
</testsuite> <!-- com.RESTAssured.RESTAssured.TC_05Patch -->
